# JRE version: OpenJDK Runtime Environment (8.0_342-b07) (build 1.8.0_342-b07)
# Java VM: OpenJDK Server VM (25.342-b07 mixed mode windows-x86 )
Heap:
 PSYoungGen      total 35840K, used 33303K [0x2eec0000, 0x33840000, 0x3d800000)
  eden space 33280K, 92% used [0x2eec0000,0x30cc62b0,0x30f40000)
  from space 2560K, 99% used [0x30f40000,0x311bfbb0,0x311c0000)
  to   space 4352K, 0% used [0x33400000,0x33400000,0x33840000)
 ParOldGen       total 43776K, used 1923K [0x11c00000, 0x146c0000, 0x2eec0000)
  object space 43776K, 4% used [0x11c00000,0x11de0db0,0x146c0000)
 Metaspace       used 9714K, capacity 9893K, committed 9984K, reserved 10624K
GC Heap History (10 events):
Event: 0.888 GC heap before
{Heap before GC invocations=1 (full 0):
 PSYoungGen      total 19200K, used 16640K [0x2eec0000, 0x30400000, 0x3d800000)
  eden space 16640K, 100% used [0x2eec0000,0x2ff00000,0x2ff00000)
  from space 2560K, 0% used [0x30180000,0x30180000,0x30400000)
  to   space 2560K, 0% used [0x2ff00000,0x2ff00000,0x30180000)
 ParOldGen       total 43776K, used 0K [0x11c00000, 0x146c0000, 0x2eec0000)
  object space 43776K, 0% used [0x11c00000,0x11c00000,0x146c0000)
 Metaspace       used 8630K, capacity 8775K, committed 8832K, reserved 9600K
Event: 0.893 GC heap after
Heap after GC invocations=1 (full 0):
 PSYoungGen      total 19200K, used 2548K [0x2eec0000, 0x30400000, 0x3d800000)
  eden space 16640K, 0% used [0x2eec0000,0x2eec0000,0x2ff00000)
  from space 2560K, 99% used [0x2ff00000,0x3017d1e0,0x30180000)
  to   space 2560K, 0% used [0x30180000,0x30180000,0x30400000)
 ParOldGen       total 43776K, used 1631K [0x11c00000, 0x146c0000, 0x2eec0000)
  object space 43776K, 3% used [0x11c00000,0x11d97ef8,0x146c0000)
 Metaspace       used 8630K, capacity 8775K, committed 8832K, reserved 9600K
}
Event: 1.648 GC heap before
{Heap before GC invocations=2 (full 0):
 PSYoungGen      total 19200K, used 19188K [0x2eec0000, 0x30400000, 0x3d800000)
  eden space 16640K, 100% used [0x2eec0000,0x2ff00000,0x2ff00000)
  from space 2560K, 99% used [0x2ff00000,0x3017d1e0,0x30180000)
  to   space 2560K, 0% used [0x30180000,0x30180000,0x30400000)
 ParOldGen       total 43776K, used 1631K [0x11c00000, 0x146c0000, 0x2eec0000)
  object space 43776K, 3% used [0x11c00000,0x11d97ef8,0x146c0000)
 Metaspace       used 8710K, capacity 8906K, committed 8960K, reserved 9600K
Event: 1.651 GC heap after
Heap after GC invocations=2 (full 0):
 PSYoungGen      total 19200K, used 2546K [0x2eec0000, 0x30400000, 0x3d800000)
  eden space 16640K, 0% used [0x2eec0000,0x2eec0000,0x2ff00000)
  from space 2560K, 99% used [0x30180000,0x303fc920,0x30400000)
  to   space 2560K, 0% used [0x2ff00000,0x2ff00000,0x30180000)
 ParOldGen       total 43776K, used 1807K [0x11c00000, 0x146c0000, 0x2eec0000)
  object space 43776K, 4% used [0x11c00000,0x11dc3ef8,0x146c0000)
 Metaspace       used 8710K, capacity 8906K, committed 8960K, reserved 9600K
}
Event: 1.660 GC heap before
{Heap before GC invocations=3 (full 0):
 PSYoungGen      total 19200K, used 19186K [0x2eec0000, 0x30400000, 0x3d800000)
  eden space 16640K, 100% used [0x2eec0000,0x2ff00000,0x2ff00000)
  from space 2560K, 99% used [0x30180000,0x303fc920,0x30400000)
  to   space 2560K, 0% used [0x2ff00000,0x2ff00000,0x30180000)
 ParOldGen       total 43776K, used 1807K [0x11c00000, 0x146c0000, 0x2eec0000)
  object space 43776K, 4% used [0x11c00000,0x11dc3ef8,0x146c0000)
 Metaspace       used 8715K, capacity 8906K, committed 8960K, reserved 9600K
Event: 1.662 GC heap after
Heap after GC invocations=3 (full 0):
 PSYoungGen      total 19200K, used 2546K [0x2eec0000, 0x31440000, 0x3d800000)
  eden space 16640K, 0% used [0x2eec0000,0x2eec0000,0x2ff00000)
  from space 2560K, 99% used [0x2ff00000,0x3017c920,0x30180000)
  to   space 2560K, 0% used [0x311c0000,0x311c0000,0x31440000)
 ParOldGen       total 43776K, used 1907K [0x11c00000, 0x146c0000, 0x2eec0000)
  object space 43776K, 4% used [0x11c00000,0x11ddcef8,0x146c0000)
 Metaspace       used 8715K, capacity 8906K, committed 8960K, reserved 9600K
}
Event: 1.668 GC heap before
{Heap before GC invocations=4 (full 0):
 PSYoungGen      total 19200K, used 19186K [0x2eec0000, 0x31440000, 0x3d800000)
  eden space 16640K, 100% used [0x2eec0000,0x2ff00000,0x2ff00000)
  from space 2560K, 99% used [0x2ff00000,0x3017c920,0x30180000)
  to   space 2560K, 0% used [0x311c0000,0x311c0000,0x31440000)
 ParOldGen       total 43776K, used 1907K [0x11c00000, 0x146c0000, 0x2eec0000)
  object space 43776K, 4% used [0x11c00000,0x11ddcef8,0x146c0000)
 Metaspace       used 8716K, capacity 8906K, committed 8960K, reserved 9600K
Event: 1.671 GC heap after
Heap after GC invocations=4 (full 0):
 PSYoungGen      total 35840K, used 2522K [0x2eec0000, 0x31440000, 0x3d800000)
  eden space 33280K, 0% used [0x2eec0000,0x2eec0000,0x30f40000)
  from space 2560K, 98% used [0x311c0000,0x31436830,0x31440000)
  to   space 2560K, 0% used [0x30f40000,0x30f40000,0x311c0000)
 ParOldGen       total 43776K, used 1907K [0x11c00000, 0x146c0000, 0x2eec0000)
  object space 43776K, 4% used [0x11c00000,0x11ddcef8,0x146c0000)
 Metaspace       used 8716K, capacity 8906K, committed 8960K, reserved 9600K
}
Event: 1.686 GC heap before
{Heap before GC invocations=5 (full 0):
 PSYoungGen      total 35840K, used 35802K [0x2eec0000, 0x31440000, 0x3d800000)
  eden space 33280K, 100% used [0x2eec0000,0x30f40000,0x30f40000)
  from space 2560K, 98% used [0x311c0000,0x31436830,0x31440000)
  to   space 2560K, 0% used [0x30f40000,0x30f40000,0x311c0000)
 ParOldGen       total 43776K, used 1907K [0x11c00000, 0x146c0000, 0x2eec0000)
  object space 43776K, 4% used [0x11c00000,0x11ddcef8,0x146c0000)
 Metaspace       used 8716K, capacity 8906K, committed 8960K, reserved 9600K
Event: 1.689 GC heap after
Heap after GC invocations=5 (full 0):
 PSYoungGen      total 35840K, used 2558K [0x2eec0000, 0x33840000, 0x3d800000)
  eden space 33280K, 0% used [0x2eec0000,0x2eec0000,0x30f40000)
  from space 2560K, 99% used [0x30f40000,0x311bfbb0,0x311c0000)
  to   space 4352K, 0% used [0x33400000,0x33400000,0x33840000)
 ParOldGen       total 43776K, used 1923K [0x11c00000, 0x146c0000, 0x2eec0000)
  object space 43776K, 4% used [0x11c00000,0x11de0db0,0x146c0000)
 Metaspace       used 8716K, capacity 8906K, committed 8960K, reserved 9600K
}

