# JRE version: OpenJDK Runtime Environment (8.0_342-b07) (build 1.8.0_342-b07)
# Java VM: OpenJDK Server VM (25.342-b07 mixed mode windows-x86 )
Heap:
 PSYoungGen      total 35840K, used 20560K [0x2eac0000, 0x33440000, 0x3d400000)
  eden space 33280K, 54% used [0x2eac0000,0x2fc558b8,0x30b40000)
  from space 2560K, 99% used [0x30b40000,0x30dbe930,0x30dc0000)
  to   space 4352K, 0% used [0x33000000,0x33000000,0x33440000)
 ParOldGen       total 43776K, used 1925K [0x11800000, 0x142c0000, 0x2eac0000)
  object space 43776K, 4% used [0x11800000,0x119e1438,0x142c0000)
 Metaspace       used 9467K, capacity 9647K, committed 9728K, reserved 10624K
GC Heap History (10 events):
Event: 0.664 GC heap before
{Heap before GC invocations=1 (full 0):
 PSYoungGen      total 19200K, used 16640K [0x2eac0000, 0x30000000, 0x3d400000)
  eden space 16640K, 100% used [0x2eac0000,0x2fb00000,0x2fb00000)
  from space 2560K, 0% used [0x2fd80000,0x2fd80000,0x30000000)
  to   space 2560K, 0% used [0x2fb00000,0x2fb00000,0x2fd80000)
 ParOldGen       total 43776K, used 0K [0x11800000, 0x142c0000, 0x2eac0000)
  object space 43776K, 0% used [0x11800000,0x11800000,0x142c0000)
 Metaspace       used 8653K, capacity 8807K, committed 8960K, reserved 9600K
Event: 0.668 GC heap after
Heap after GC invocations=1 (full 0):
 PSYoungGen      total 19200K, used 2556K [0x2eac0000, 0x30000000, 0x3d400000)
  eden space 16640K, 0% used [0x2eac0000,0x2eac0000,0x2fb00000)
  from space 2560K, 99% used [0x2fb00000,0x2fd7f1f0,0x2fd80000)
  to   space 2560K, 0% used [0x2fd80000,0x2fd80000,0x30000000)
 ParOldGen       total 43776K, used 1606K [0x11800000, 0x142c0000, 0x2eac0000)
  object space 43776K, 3% used [0x11800000,0x11991b00,0x142c0000)
 Metaspace       used 8653K, capacity 8807K, committed 8960K, reserved 9600K
}
Event: 1.538 GC heap before
{Heap before GC invocations=2 (full 0):
 PSYoungGen      total 19200K, used 19196K [0x2eac0000, 0x30000000, 0x3d400000)
  eden space 16640K, 100% used [0x2eac0000,0x2fb00000,0x2fb00000)
  from space 2560K, 99% used [0x2fb00000,0x2fd7f1f0,0x2fd80000)
  to   space 2560K, 0% used [0x2fd80000,0x2fd80000,0x30000000)
 ParOldGen       total 43776K, used 1606K [0x11800000, 0x142c0000, 0x2eac0000)
  object space 43776K, 3% used [0x11800000,0x11991b00,0x142c0000)
 Metaspace       used 8750K, capacity 8938K, committed 9088K, reserved 9600K
Event: 1.542 GC heap after
Heap after GC invocations=2 (full 0):
 PSYoungGen      total 19200K, used 2548K [0x2eac0000, 0x30000000, 0x3d400000)
  eden space 16640K, 0% used [0x2eac0000,0x2eac0000,0x2fb00000)
  from space 2560K, 99% used [0x2fd80000,0x2fffd200,0x30000000)
  to   space 2560K, 0% used [0x2fb00000,0x2fb00000,0x2fd80000)
 ParOldGen       total 43776K, used 1805K [0x11800000, 0x142c0000, 0x2eac0000)
  object space 43776K, 4% used [0x11800000,0x119c3500,0x142c0000)
 Metaspace       used 8750K, capacity 8938K, committed 9088K, reserved 9600K
}
Event: 1.549 GC heap before
{Heap before GC invocations=3 (full 0):
 PSYoungGen      total 19200K, used 19188K [0x2eac0000, 0x30000000, 0x3d400000)
  eden space 16640K, 100% used [0x2eac0000,0x2fb00000,0x2fb00000)
  from space 2560K, 99% used [0x2fd80000,0x2fffd200,0x30000000)
  to   space 2560K, 0% used [0x2fb00000,0x2fb00000,0x2fd80000)
 ParOldGen       total 43776K, used 1805K [0x11800000, 0x142c0000, 0x2eac0000)
  object space 43776K, 4% used [0x11800000,0x119c3500,0x142c0000)
 Metaspace       used 8755K, capacity 8938K, committed 9088K, reserved 9600K
Event: 1.551 GC heap after
Heap after GC invocations=3 (full 0):
 PSYoungGen      total 19200K, used 2556K [0x2eac0000, 0x31040000, 0x3d400000)
  eden space 16640K, 0% used [0x2eac0000,0x2eac0000,0x2fb00000)
  from space 2560K, 99% used [0x2fb00000,0x2fd7f1f0,0x2fd80000)
  to   space 2560K, 0% used [0x30dc0000,0x30dc0000,0x31040000)
 ParOldGen       total 43776K, used 1853K [0x11800000, 0x142c0000, 0x2eac0000)
  object space 43776K, 4% used [0x11800000,0x119cf500,0x142c0000)
 Metaspace       used 8755K, capacity 8938K, committed 9088K, reserved 9600K
}
Event: 1.557 GC heap before
{Heap before GC invocations=4 (full 0):
 PSYoungGen      total 19200K, used 19196K [0x2eac0000, 0x31040000, 0x3d400000)
  eden space 16640K, 100% used [0x2eac0000,0x2fb00000,0x2fb00000)
  from space 2560K, 99% used [0x2fb00000,0x2fd7f1f0,0x2fd80000)
  to   space 2560K, 0% used [0x30dc0000,0x30dc0000,0x31040000)
 ParOldGen       total 43776K, used 1853K [0x11800000, 0x142c0000, 0x2eac0000)
  object space 43776K, 4% used [0x11800000,0x119cf500,0x142c0000)
 Metaspace       used 8756K, capacity 8938K, committed 9088K, reserved 9600K
Event: 1.561 GC heap after
Heap after GC invocations=4 (full 0):
 PSYoungGen      total 35840K, used 2556K [0x2eac0000, 0x31040000, 0x3d400000)
  eden space 33280K, 0% used [0x2eac0000,0x2eac0000,0x30b40000)
  from space 2560K, 99% used [0x30dc0000,0x3103f2f0,0x31040000)
  to   space 2560K, 0% used [0x30b40000,0x30b40000,0x30dc0000)
 ParOldGen       total 43776K, used 1893K [0x11800000, 0x142c0000, 0x2eac0000)
  object space 43776K, 4% used [0x11800000,0x119d9580,0x142c0000)
 Metaspace       used 8756K, capacity 8938K, committed 9088K, reserved 9600K
}
Event: 1.581 GC heap before
{Heap before GC invocations=5 (full 0):
 PSYoungGen      total 35840K, used 35836K [0x2eac0000, 0x31040000, 0x3d400000)
  eden space 33280K, 100% used [0x2eac0000,0x30b40000,0x30b40000)
  from space 2560K, 99% used [0x30dc0000,0x3103f2f0,0x31040000)
  to   space 2560K, 0% used [0x30b40000,0x30b40000,0x30dc0000)
 ParOldGen       total 43776K, used 1893K [0x11800000, 0x142c0000, 0x2eac0000)
  object space 43776K, 4% used [0x11800000,0x119d9580,0x142c0000)
 Metaspace       used 8756K, capacity 8938K, committed 9088K, reserved 9600K
Event: 1.585 GC heap after
Heap after GC invocations=5 (full 0):
 PSYoungGen      total 35840K, used 2554K [0x2eac0000, 0x33440000, 0x3d400000)
  eden space 33280K, 0% used [0x2eac0000,0x2eac0000,0x30b40000)
  from space 2560K, 99% used [0x30b40000,0x30dbe930,0x30dc0000)
  to   space 4352K, 0% used [0x33000000,0x33000000,0x33440000)
 ParOldGen       total 43776K, used 1925K [0x11800000, 0x142c0000, 0x2eac0000)
  object space 43776K, 4% used [0x11800000,0x119e1438,0x142c0000)
 Metaspace       used 8756K, capacity 8938K, committed 9088K, reserved 9600K
}

